*** Using Compiler 'V5.06 update 7 (build 960)', folder: 'D:\keil_5\ARM\ARMCC\Bin'
Build target 'Template'
assembling startup_stm32f40_41xxx.s...
startup_stm32f40_41xxx.s: error: A1023E: File "..\CORE\startup_stm32f40_41xxx.s" could not be opened: No such file or directory
compiling stm32f4xx_can.c...
"no source": Error:  #5: cannot open source input file "..\FWLIB\src\stm32f4xx_can.c": No such file or directory
..\FWLIB\src\stm32f4xx_can.c: 0 warnings, 1 error
compiling stm32f4xx_cryp_des.c...
"no source": Error:  #5: cannot open source input file "..\FWLIB\src\stm32f4xx_cryp_des.c": No such file or directory
..\FWLIB\src\stm32f4xx_cryp_des.c: 0 warnings, 1 error
compiling stm32f4xx_it.c...
"no source": Error:  #5: cannot open source input file "stm32f4xx_it.c": No such file or directory
stm32f4xx_it.c: 0 warnings, 1 error
compiling stm32f4xx_crc.c...
"no source": Error:  #5: cannot open source input file "..\FWLIB\src\stm32f4xx_crc.c": No such file or directory
..\FWLIB\src\stm32f4xx_crc.c: 0 warnings, 1 error
compiling misc.c...
"no source": Error:  #5: cannot open source input file "..\FWLIB\src\misc.c": No such file or directory
..\FWLIB\src\misc.c: 0 warnings, 1 error
compiling stm32f4xx_adc.c...
"no source": Error:  #5: cannot open source input file "..\FWLIB\src\stm32f4xx_adc.c": No such file or directory
..\FWLIB\src\stm32f4xx_adc.c: 0 warnings, 1 error
compiling system_stm32f4xx.c...
"no source": Error:  #5: cannot open source input file "system_stm32f4xx.c": No such file or directory
system_stm32f4xx.c: 0 warnings, 1 error
compiling main.c...
"no source": Error:  #5: cannot open source input file "main.c": No such file or directory
main.c: 0 warnings, 1 error
compiling stm32f4xx_cryp_tdes.c...
"no source": Error:  #5: cannot open source input file "..\FWLIB\src\stm32f4xx_cryp_tdes.c": No such file or directory
..\FWLIB\src\stm32f4xx_cryp_tdes.c: 0 warnings, 1 error
compiling stm32f4xx_cryp.c...
"no source": Error:  #5: cannot open source input file "..\FWLIB\src\stm32f4xx_cryp.c": No such file or directory
..\FWLIB\src\stm32f4xx_cryp.c: 0 warnings, 1 error
compiling stm32f4xx_cryp_aes.c...
"no source": Error:  #5: cannot open source input file "..\FWLIB\src\stm32f4xx_cryp_aes.c": No such file or directory
..\FWLIB\src\stm32f4xx_cryp_aes.c: 0 warnings, 1 error
compiling stm32f4xx_dbgmcu.c...
"no source": Error:  #5: cannot open source input file "..\FWLIB\src\stm32f4xx_dbgmcu.c": No such file or directory
..\FWLIB\src\stm32f4xx_dbgmcu.c: 0 warnings, 1 error
compiling stm32f4xx_dac.c...
"no source": Error:  #5: cannot open source input file "..\FWLIB\src\stm32f4xx_dac.c": No such file or directory
..\FWLIB\src\stm32f4xx_dac.c: 0 warnings, 1 error
compiling stm32f4xx_dma2d.c...
"no source": Error:  #5: cannot open source input file "..\FWLIB\src\stm32f4xx_dma2d.c": No such file or directory
..\FWLIB\src\stm32f4xx_dma2d.c: 0 warnings, 1 error
compiling stm32f4xx_dcmi.c...
"no source": Error:  #5: cannot open source input file "..\FWLIB\src\stm32f4xx_dcmi.c": No such file or directory
..\FWLIB\src\stm32f4xx_dcmi.c: 0 warnings, 1 error
compiling stm32f4xx_exti.c...
"no source": Error:  #5: cannot open source input file "..\FWLIB\src\stm32f4xx_exti.c": No such file or directory
..\FWLIB\src\stm32f4xx_exti.c: 0 warnings, 1 error
compiling stm32f4xx_flash_ramfunc.c...
"no source": Error:  #5: cannot open source input file "..\FWLIB\src\stm32f4xx_flash_ramfunc.c": No such file or directory
..\FWLIB\src\stm32f4xx_flash_ramfunc.c: 0 warnings, 1 error
compiling stm32f4xx_flash.c...
"no source": Error:  #5: cannot open source input file "..\FWLIB\src\stm32f4xx_flash.c": No such file or directory
..\FWLIB\src\stm32f4xx_flash.c: 0 warnings, 1 error
compiling stm32f4xx_dma.c...
"no source": Error:  #5: cannot open source input file "..\FWLIB\src\stm32f4xx_dma.c": No such file or directory
..\FWLIB\src\stm32f4xx_dma.c: 0 warnings, 1 error
compiling stm32f4xx_hash_sha1.c...
"no source": Error:  #5: cannot open source input file "..\FWLIB\src\stm32f4xx_hash_sha1.c": No such file or directory
..\FWLIB\src\stm32f4xx_hash_sha1.c: 0 warnings, 1 error
compiling stm32f4xx_gpio.c...
"no source": Error:  #5: cannot open source input file "..\FWLIB\src\stm32f4xx_gpio.c": No such file or directory
..\FWLIB\src\stm32f4xx_gpio.c: 0 warnings, 1 error
compiling stm32f4xx_hash.c...
"no source": Error:  #5: cannot open source input file "..\FWLIB\src\stm32f4xx_hash.c": No such file or directory
..\FWLIB\src\stm32f4xx_hash.c: 0 warnings, 1 error
compiling stm32f4xx_fsmc.c...
"no source": Error:  #5: cannot open source input file "..\FWLIB\src\stm32f4xx_fsmc.c": No such file or directory
..\FWLIB\src\stm32f4xx_fsmc.c: 0 warnings, 1 error
compiling stm32f4xx_hash_md5.c...
"no source": Error:  #5: cannot open source input file "..\FWLIB\src\stm32f4xx_hash_md5.c": No such file or directory
..\FWLIB\src\stm32f4xx_hash_md5.c: 0 warnings, 1 error
compiling stm32f4xx_i2c.c...
"no source": Error:  #5: cannot open source input file "..\FWLIB\src\stm32f4xx_i2c.c": No such file or directory
..\FWLIB\src\stm32f4xx_i2c.c: 0 warnings, 1 error
compiling stm32f4xx_iwdg.c...
"no source": Error:  #5: cannot open source input file "..\FWLIB\src\stm32f4xx_iwdg.c": No such file or directory
..\FWLIB\src\stm32f4xx_iwdg.c: 0 warnings, 1 error
compiling stm32f4xx_ltdc.c...
"no source": Error:  #5: cannot open source input file "..\FWLIB\src\stm32f4xx_ltdc.c": No such file or directory
..\FWLIB\src\stm32f4xx_ltdc.c: 0 warnings, 1 error
compiling stm32f4xx_pwr.c...
"no source": Error:  #5: cannot open source input file "..\FWLIB\src\stm32f4xx_pwr.c": No such file or directory
..\FWLIB\src\stm32f4xx_pwr.c: 0 warnings, 1 error
compiling stm32f4xx_rng.c...
"no source": Error:  #5: cannot open source input file "..\FWLIB\src\stm32f4xx_rng.c": No such file or directory
..\FWLIB\src\stm32f4xx_rng.c: 0 warnings, 1 error
compiling stm32f4xx_rcc.c...
"no source": Error:  #5: cannot open source input file "..\FWLIB\src\stm32f4xx_rcc.c": No such file or directory
..\FWLIB\src\stm32f4xx_rcc.c: 0 warnings, 1 error
compiling stm32f4xx_rtc.c...
"no source": Error:  #5: cannot open source input file "..\FWLIB\src\stm32f4xx_rtc.c": No such file or directory
..\FWLIB\src\stm32f4xx_rtc.c: 0 warnings, 1 error
compiling stm32f4xx_sai.c...
"no source": Error:  #5: cannot open source input file "..\FWLIB\src\stm32f4xx_sai.c": No such file or directory
..\FWLIB\src\stm32f4xx_sai.c: 0 warnings, 1 error
compiling stm32f4xx_spi.c...
"no source": Error:  #5: cannot open source input file "..\FWLIB\src\stm32f4xx_spi.c": No such file or directory
..\FWLIB\src\stm32f4xx_spi.c: 0 warnings, 1 error
compiling stm32f4xx_syscfg.c...
"no source": Error:  #5: cannot open source input file "..\FWLIB\src\stm32f4xx_syscfg.c": No such file or directory
..\FWLIB\src\stm32f4xx_syscfg.c: 0 warnings, 1 error
compiling stm32f4xx_sdio.c...
"no source": Error:  #5: cannot open source input file "..\FWLIB\src\stm32f4xx_sdio.c": No such file or directory
..\FWLIB\src\stm32f4xx_sdio.c: 0 warnings, 1 error
compiling stm32f4xx_tim.c...
"no source": Error:  #5: cannot open source input file "..\FWLIB\src\stm32f4xx_tim.c": No such file or directory
..\FWLIB\src\stm32f4xx_tim.c: 0 warnings, 1 error
compiling stm32f4xx_usart.c...
"no source": Error:  #5: cannot open source input file "..\FWLIB\src\stm32f4xx_usart.c": No such file or directory
..\FWLIB\src\stm32f4xx_usart.c: 0 warnings, 1 error
compiling stm32f4xx_wwdg.c...
"no source": Error:  #5: cannot open source input file "..\FWLIB\src\stm32f4xx_wwdg.c": No such file or directory
..\FWLIB\src\stm32f4xx_wwdg.c: 0 warnings, 1 error
compiling usart.c...
"no source": Error:  #5: cannot open source input file "..\SYSTEM\usart\usart.c": No such file or directory
..\SYSTEM\usart\usart.c: 0 warnings, 1 error
compiling sys.c...
"no source": Error:  #5: cannot open source input file "..\SYSTEM\sys\sys.c": No such file or directory
..\SYSTEM\sys\sys.c: 0 warnings, 1 error
compiling delay.c...
"no source": Error:  #5: cannot open source input file "..\SYSTEM\delay\delay.c": No such file or directory
..\SYSTEM\delay\delay.c: 0 warnings, 1 error
compiling led.c...
"no source": Error:  #5: cannot open source input file "led.c": No such file or directory
led.c: 0 warnings, 1 error
compiling pwm.c...
"no source": Error:  #5: cannot open source input file "pwm.c": No such file or directory
pwm.c: 0 warnings, 1 error
compiling croutine.c...
"no source": Error:  #5: cannot open source input file "..\FreeRtos\croutine.c": No such file or directory
..\FreeRtos\croutine.c: 0 warnings, 1 error
compiling event_groups.c...
"no source": Error:  #5: cannot open source input file "..\FreeRtos\event_groups.c": No such file or directory
..\FreeRtos\event_groups.c: 0 warnings, 1 error
compiling list.c...
"no source": Error:  #5: cannot open source input file "..\FreeRtos\list.c": No such file or directory
..\FreeRtos\list.c: 0 warnings, 1 error
compiling queue.c...
"no source": Error:  #5: cannot open source input file "..\FreeRtos\queue.c": No such file or directory
..\FreeRtos\queue.c: 0 warnings, 1 error
compiling tasks.c...
"no source": Error:  #5: cannot open source input file "..\FreeRtos\tasks.c": No such file or directory
..\FreeRtos\tasks.c: 0 warnings, 1 error
compiling stream_buffer.c...
"no source": Error:  #5: cannot open source input file "..\FreeRtos\stream_buffer.c": No such file or directory
..\FreeRtos\stream_buffer.c: 0 warnings, 1 error
compiling heap_4.c...
"no source": Error:  #5: cannot open source input file "..\FreeRtos\portable\MemMang\heap_4.c": No such file or directory
..\FreeRtos\portable\MemMang\heap_4.c: 0 warnings, 1 error
compiling timers.c...
"no source": Error:  #5: cannot open source input file "..\FreeRtos\timers.c": No such file or directory
..\FreeRtos\timers.c: 0 warnings, 1 error
compiling port.c...
"no source": Error:  #5: cannot open source input file "..\FreeRtos\portable\RVDS\ARM_CM4F\port.c": No such file or directory
..\FreeRtos\portable\RVDS\ARM_CM4F\port.c: 0 warnings, 1 error
"..\OBJ\Template.axf" - 53 Error(s), 0 Warning(s).
Target not created.
Build Time Elapsed:  00:00:04
